<component name="libraryTable">
  <library name="junit5-5.6.2">
    <CLASSES>
      <root url="jar://$PROJECT_DIR$/lib/junit5-5.6.2/junit-jupiter-5.6.2.jar!/" />
      <root url="jar://$PROJECT_DIR$/lib/junit5-5.6.2/junit-platform-runner-1.6.2.jar!/" />
      <root url="jar://$PROJECT_DIR$/lib/junit5-5.6.2/opentest4j-1.2.0.jar!/" />
      <root url="jar://$PROJECT_DIR$/lib/junit5-5.6.2/junit-platform-engine-1.6.2.jar!/" />
      <root url="jar://$PROJECT_DIR$/lib/junit5-5.6.2/junit-jupiter-migrationsupport-5.6.2.jar!/" />
      <root url="jar://$PROJECT_DIR$/lib/junit5-5.6.2/junit-platform-commons-1.6.2.jar!/" />
      <root url="jar://$PROJECT_DIR$/lib/junit5-5.6.2/apiguardian-api-1.1.0.jar!/" />
      <root url="jar://$PROJECT_DIR$/lib/junit5-5.6.2/junit-platform-console-standalone-1.6.2.jar!/" />
      <root url="jar://$PROJECT_DIR$/lib/junit5-5.6.2/junit-platform-console-1.6.2.jar!/" />
      <root url="jar://$PROJECT_DIR$/lib/junit5-5.6.2/junit-jupiter-params-5.6.2.jar!/" />
      <root url="jar://$PROJECT_DIR$/lib/junit5-5.6.2/junit-vintage-engine-5.6.2.jar!/" />
      <root url="jar://$PROJECT_DIR$/lib/junit5-5.6.2/junit-platform-reporting-1.6.2.jar!/" />
      <root url="jar://$PROJECT_DIR$/lib/junit5-5.6.2/junit-platform-suite-api-1.6.2.jar!/" />
      <root url="jar://$PROJECT_DIR$/lib/junit5-5.6.2/junit-platform-testkit-1.6.2.jar!/" />
      <root url="jar://$PROJECT_DIR$/lib/junit5-5.6.2/junit-jupiter-api-5.6.2.jar!/" />
      <root url="jar://$PROJECT_DIR$/lib/junit5-5.6.2/junit-jupiter-engine-5.6.2.jar!/" />
      <root url="jar://$PROJECT_DIR$/lib/junit5-5.6.2/junit-platform-launcher-1.6.2.jar!/" />
      <root url="jar://$PROJECT_DIR$/lib/javafx-sdk-21.0.1/lib/javafx-swt.jar!/" />
      <root url="jar://$PROJECT_DIR$/lib/javafx-sdk-21.0.1/lib/javafx.base.jar!/" />
      <root url="jar://$PROJECT_DIR$/lib/javafx-sdk-21.0.1/lib/javafx.controls.jar!/" />
      <root url="jar://$PROJECT_DIR$/lib/javafx-sdk-21.0.1/lib/javafx.fxml.jar!/" />
      <root url="jar://$PROJECT_DIR$/lib/javafx-sdk-21.0.1/lib/javafx.graphics.jar!/" />
      <root url="jar://$PROJECT_DIR$/lib/javafx-sdk-21.0.1/lib/javafx.swing.jar!/" />
      <root url="jar://$PROJECT_DIR$/lib/javafx-sdk-21.0.1/lib/javafx.media.jar!/" />
      <root url="jar://$PROJECT_DIR$/lib/javafx-sdk-21.0.1/lib/javafx.web.jar!/" />
    </CLASSES>
    <JAVADOC />
    <SOURCES>
      <root url="file://$PROJECT_DIR$/lib/javafx-sdk-21.0.1" />
    </SOURCES>
    <jarDirectory url="file://$PROJECT_DIR$/lib/javafx-sdk-21.0.1" recursive="false" type="SOURCES" />
  </library>
</component>